<?xml version="1.0" encoding="UTF-8"?>
<!-- Generated by org.testng.reporters.JUnitReportReporter -->
<testsuite hostname="LAPTOP-MNVU3AS8" failures="0" tests="6" name="com.Cognizant.TestScenarios.CognizantStockPriceDetails" time="16.014" errors="0" timestamp="2022-05-24T12:17:22 IST" skipped="0">
  <testcase classname="com.Cognizant.TestScenarios.CognizantStockPriceDetails" name="getUserInfoTest" time="1.206"/>
  <system-out/>
  <testcase classname="com.Cognizant.TestScenarios.CognizantStockPriceDetails" name="captureScreenTest" time="2.790"/>
  <system-out/>
  <testcase classname="com.Cognizant.TestScenarios.CognizantStockPriceDetails" name="getCognizantStockPriceTest" time="0.048"/>
  <system-out/>
  <testcase classname="com.Cognizant.TestScenarios.CognizantStockPriceDetails" name="getGoogleStockPriceTest" time="9.584"/>
  <system-out/>
  <testcase classname="com.Cognizant.TestScenarios.CognizantStockPriceDetails" name="captureNewWindowScreenTest" time="2.358"/>
  <system-out/>
  <testcase classname="com.Cognizant.TestScenarios.CognizantStockPriceDetails" name="compareStockPriceTest" time="0.028"/>
  <system-out/>
</testsuite> <!-- com.Cognizant.TestScenarios.CognizantStockPriceDetails -->
