<?xml version="1.0" encoding="UTF-8"?>
<!-- Generated by org.testng.reporters.JUnitReportReporter -->
<testsuite hostname="LAPTOP-MNVU3AS8" failures="0" tests="4" name="com.Cognizant.TestScenarios.CognizantAppsAndTools" time="25.953" errors="0" timestamp="2022-05-24T12:17:22 IST" skipped="0">
  <testcase classname="com.Cognizant.TestScenarios.CognizantAppsAndTools" name="setWindowTest" time="0.720"/>
  <system-out/>
  <testcase classname="com.Cognizant.TestScenarios.CognizantAppsAndTools" name="captureScreenTest" time="2.335"/>
  <system-out/>
  <testcase classname="com.Cognizant.TestScenarios.CognizantAppsAndTools" name="getAppsAndToolsTest" time="20.551"/>
  <system-out/>
  <testcase classname="com.Cognizant.TestScenarios.CognizantAppsAndTools" name="captureAppsAndToolsTest" time="2.347"/>
  <system-out/>
</testsuite> <!-- com.Cognizant.TestScenarios.CognizantAppsAndTools -->
